This is pdfTeX, Version 3.141592653-2.6-1.40.25 (MiKTeX 23.4) (preloaded format=pdflatex 2023.5.7)  6 JUN 2023 17:42
entering extended mode
 restricted \write18 enabled.
 %&-line parsing enabled.
**./main.tex
(main.tex
LaTeX2e <2022-11-01> patch level 1
L3 programming layer <2023-04-20> (enis-pfe-report.cls
(C:\Users\Aslene\AppData\Local\Programs\MiKTeX\tex/latex/silence\silence.sty
Package: silence 2012/07/02 v1.5b Selective filtering of warnings and error mes
sages
\sl@Save=\count185
\sl@StateNumber=\count186
\sl@MessageCount=\count187
\sl@Casualties=\count188
\sl@Filter=\toks16
\sl@Message=\toks17
\sl@UnexpandedMessage=\toks18
\sl@Mess@ge=\toks19
\sl@WarningCount=\count189
\sl@WarningNumber=\count190
\sl@WarningCasualties=\count191
\sl@TempBOW=\toks20
\sl@BankOfWarnings=\toks21
LaTeX Info: Redefining \GenericWarning on input line 433.
\sl@ErrorCount=\count192
\sl@ErrorNumber=\count193
\sl@ErrorCasualties=\count194
\sl@TempBOE=\toks22
\sl@BankOfErrors=\toks23
LaTeX Info: Redefining \GenericError on input line 601.
)
(C:\Users\Aslene\AppData\Local\Programs\MiKTeX\tex/latex/base\report.cls
Document Class: report 2022/07/02 v1.4n Standard LaTeX document class
(C:\Users\Aslene\AppData\Local\Programs\MiKTeX\tex/latex/base\size12.clo
File: size12.clo 2022/07/02 v1.4n Standard LaTeX file (size option)
)
\c@part=\count195
\c@chapter=\count196
\c@section=\count197
\c@subsection=\count198
\c@subsubsection=\count199
\c@paragraph=\count266
\c@subparagraph=\count267
\c@figure=\count268
\c@table=\count269
\abovecaptionskip=\skip48
\belowcaptionskip=\skip49
\bibindent=\dimen140
)
(C:\Users\Aslene\AppData\Local\Programs\MiKTeX\tex/latex/geometry\geometry.sty
Package: geometry 2020/01/02 v5.9 Page Geometry

(C:\Users\Aslene\AppData\Local\Programs\MiKTeX\tex/latex/graphics\keyval.sty
Package: keyval 2022/05/29 v1.15 key=value parser (DPC)
\KV@toks@=\toks24
)
(C:\Users\Aslene\AppData\Local\Programs\MiKTeX\tex/generic/iftex\ifvtex.sty
Package: ifvtex 2019/10/25 v1.7 ifvtex legacy package. Use iftex instead.

(C:\Users\Aslene\AppData\Local\Programs\MiKTeX\tex/generic/iftex\iftex.sty
Package: iftex 2022/02/03 v1.0f TeX engine tests
))
\Gm@cnth=\count270
\Gm@cntv=\count271
\c@Gm@tempcnt=\count272
\Gm@bindingoffset=\dimen141
\Gm@wd@mp=\dimen142
\Gm@odd@mp=\dimen143
\Gm@even@mp=\dimen144
\Gm@layoutwidth=\dimen145
\Gm@layoutheight=\dimen146
\Gm@layouthoffset=\dimen147
\Gm@layoutvoffset=\dimen148
\Gm@dimlist=\toks25

(C:\Users\Aslene\AppData\Local\Programs\MiKTeX\tex/latex/geometry\geometry.cfg)
) (C:\Users\Aslene\AppData\Local\Programs\MiKTeX\tex/latex/environ\environ.sty
Package: environ 2014/05/04 v0.3 A new way to define environments

(C:\Users\Aslene\AppData\Local\Programs\MiKTeX\tex/latex/trimspaces\trimspaces.
sty
Package: trimspaces 2009/09/17 v1.1 Trim spaces around a token list
)
\@envbody=\toks26
) (C:\Users\Aslene\AppData\Local\Programs\MiKTeX\tex/latex/verse\verse.sty
Package: verse 2009/09/04 v2.4a verse typesetting
\c@vslineno=\count273
\c@poemline=\count274
\c@fvsline=\count275
\c@modulo@vs=\count276
\c@verse@envctr=\count277
\versewidth=\skip50
\vgap=\skip51
\vindent=\skip52
\stanzaskip=\skip53
\vleftskip=\skip54
\vrightskip=\skip55
\c@chrsinstr=\count278
\beforepoemtitleskip=\skip56
\afterpoemtitleskip=\skip57
) (C:\Users\Aslene\AppData\Local\Programs\MiKTeX\tex/latex/xcolor\xcolor.sty
Package: xcolor 2022/06/12 v2.14 LaTeX color extensions (UK)

(C:\Users\Aslene\AppData\Local\Programs\MiKTeX\tex/latex/graphics-cfg\color.cfg
File: color.cfg 2016/01/02 v1.6 sample color configuration
)
Package xcolor Info: Driver file: pdftex.def on input line 227.

(C:\Users\Aslene\AppData\Local\Programs\MiKTeX\tex/latex/graphics-def\pdftex.de
f
File: pdftex.def 2022/09/22 v1.2b Graphics/color driver for pdftex
)
(C:\Users\Aslene\AppData\Local\Programs\MiKTeX\tex/latex/colortbl\colortbl.sty
Package: colortbl 2022/06/20 v1.0f Color table columns (DPC)

(C:\Users\Aslene\AppData\Local\Programs\MiKTeX\tex/latex/tools\array.sty
Package: array 2022/09/04 v2.5g Tabular extension package (FMi)
\col@sep=\dimen149
\ar@mcellbox=\box51
\extrarowheight=\dimen150
\NC@list=\toks27
\extratabsurround=\skip58
\backup@length=\skip59
\ar@cellbox=\box52
)
\everycr=\toks28
\minrowclearance=\skip60
\rownum=\count279
)
(C:\Users\Aslene\AppData\Local\Programs\MiKTeX\tex/latex/graphics\mathcolor.ltx
)
Package xcolor Info: Model `cmy' substituted by `cmy0' on input line 1353.
Package xcolor Info: Model `hsb' substituted by `rgb' on input line 1357.
Package xcolor Info: Model `RGB' extended on input line 1369.
Package xcolor Info: Model `HTML' substituted by `rgb' on input line 1371.
Package xcolor Info: Model `Hsb' substituted by `hsb' on input line 1372.
Package xcolor Info: Model `tHsb' substituted by `hsb' on input line 1373.
Package xcolor Info: Model `HSB' substituted by `hsb' on input line 1374.
Package xcolor Info: Model `Gray' substituted by `gray' on input line 1375.
Package xcolor Info: Model `wave' substituted by `hsb' on input line 1376.
)
(C:\Users\Aslene\AppData\Local\Programs\MiKTeX\tex/latex/titlesec\titlesec.sty
Package: titlesec 2021/07/05 v2.14 Sectioning titles
\ttl@box=\box53
\beforetitleunit=\skip61
\aftertitleunit=\skip62
\ttl@plus=\dimen151
\ttl@minus=\dimen152
\ttl@toksa=\toks29
\titlewidth=\dimen153
\titlewidthlast=\dimen154
\titlewidthfirst=\dimen155
) (C:\Users\Aslene\AppData\Local\Programs\MiKTeX\tex/latex/chngcntr\chngcntr.st
y
Package: chngcntr 2018/04/09 v1.1a change counter resetting
Package chngcntr Info: \counterwithout already defined.
(chngcntr)             Quitting chngcntr on input line 21.
)
(C:\Users\Aslene\AppData\Local\Programs\MiKTeX\tex/latex/fancyhdr\fancyhdr.sty
Package: fancyhdr 2022/11/09 v4.1 Extensive control of page headers and footers

\f@nch@headwidth=\skip63
\f@nch@O@elh=\skip64
\f@nch@O@erh=\skip65
\f@nch@O@olh=\skip66
\f@nch@O@orh=\skip67
\f@nch@O@elf=\skip68
\f@nch@O@erf=\skip69
\f@nch@O@olf=\skip70
\f@nch@O@orf=\skip71
) (C:\Users\Aslene\AppData\Local\Programs\MiKTeX\tex/latex/caption\caption.sty
Package: caption 2023/03/12 v3.6j Customizing captions (AR)

(C:\Users\Aslene\AppData\Local\Programs\MiKTeX\tex/latex/caption\caption3.sty
Package: caption3 2023/03/12 v2.4 caption3 kernel (AR)
\caption@tempdima=\dimen156
\captionmargin=\dimen157
\caption@leftmargin=\dimen158
\caption@rightmargin=\dimen159
\caption@width=\dimen160
\caption@indent=\dimen161
\caption@parindent=\dimen162
\caption@hangindent=\dimen163
Package caption Info: Standard document class detected.
)
\c@caption@flags=\count280
\c@continuedfloat=\count281
)
(C:\Users\Aslene\AppData\Local\Programs\MiKTeX\tex/latex/caption\subcaption.sty
Package: subcaption 2023/02/19 v1.6 Sub-captions (AR)
Package caption Info: New subtype `subfigure' on input line 239.
\c@subfigure=\count282
Package caption Info: New subtype `subtable' on input line 239.
\c@subtable=\count283
)
(C:\Users\Aslene\AppData\Local\Programs\MiKTeX\tex/latex/hyperref\hyperref.sty
Package: hyperref 2023-04-22 v7.00x Hypertext links for LaTeX

(C:\Users\Aslene\AppData\Local\Programs\MiKTeX\tex/generic/ltxcmds\ltxcmds.sty
Package: ltxcmds 2020-05-10 v1.25 LaTeX kernel commands for general use (HO)
)
(C:\Users\Aslene\AppData\Local\Programs\MiKTeX\tex/generic/pdftexcmds\pdftexcmd
s.sty
Package: pdftexcmds 2020-06-27 v0.33 Utility functions of pdfTeX for LuaTeX (HO
)

(C:\Users\Aslene\AppData\Local\Programs\MiKTeX\tex/generic/infwarerr\infwarerr.
sty
Package: infwarerr 2019/12/03 v1.5 Providing info/warning/error messages (HO)
)
Package pdftexcmds Info: \pdf@primitive is available.
Package pdftexcmds Info: \pdf@ifprimitive is available.
Package pdftexcmds Info: \pdfdraftmode found.
)
(C:\Users\Aslene\AppData\Local\Programs\MiKTeX\tex/latex/kvsetkeys\kvsetkeys.st
y
Package: kvsetkeys 2022-10-05 v1.19 Key value parser (HO)
)
(C:\Users\Aslene\AppData\Local\Programs\MiKTeX\tex/generic/kvdefinekeys\kvdefin
ekeys.sty
Package: kvdefinekeys 2019-12-19 v1.6 Define keys (HO)
)
(C:\Users\Aslene\AppData\Local\Programs\MiKTeX\tex/generic/pdfescape\pdfescape.
sty
Package: pdfescape 2019/12/09 v1.15 Implements pdfTeX's escape features (HO)
)
(C:\Users\Aslene\AppData\Local\Programs\MiKTeX\tex/latex/hycolor\hycolor.sty
Package: hycolor 2020-01-27 v1.10 Color options for hyperref/bookmark (HO)
)
(C:\Users\Aslene\AppData\Local\Programs\MiKTeX\tex/latex/letltxmacro\letltxmacr
o.sty
Package: letltxmacro 2019/12/03 v1.6 Let assignment for LaTeX macros (HO)
)
(C:\Users\Aslene\AppData\Local\Programs\MiKTeX\tex/latex/auxhook\auxhook.sty
Package: auxhook 2019-12-17 v1.6 Hooks for auxiliary files (HO)
)
(C:\Users\Aslene\AppData\Local\Programs\MiKTeX\tex/latex/hyperref\nameref.sty
Package: nameref 2022-05-17 v2.50 Cross-referencing by name of section

(C:\Users\Aslene\AppData\Local\Programs\MiKTeX\tex/latex/refcount\refcount.sty
Package: refcount 2019/12/15 v3.6 Data extraction from label references (HO)
)
(C:\Users\Aslene\AppData\Local\Programs\MiKTeX\tex/generic/gettitlestring\getti
tlestring.sty
Package: gettitlestring 2019/12/15 v1.6 Cleanup title references (HO)

(C:\Users\Aslene\AppData\Local\Programs\MiKTeX\tex/latex/kvoptions\kvoptions.st
y
Package: kvoptions 2022-06-15 v3.15 Key value format for package options (HO)
))
\c@section@level=\count284
)
(C:\Users\Aslene\AppData\Local\Programs\MiKTeX\tex/latex/etoolbox\etoolbox.sty
Package: etoolbox 2020/10/05 v2.5k e-TeX tools for LaTeX (JAW)
\etb@tempcnta=\count285
)
\@linkdim=\dimen164
\Hy@linkcounter=\count286
\Hy@pagecounter=\count287
(C:\Users\Aslene\AppData\Local\Programs\MiKTeX\tex/latex/hyperref\pd1enc.def
File: pd1enc.def 2023-04-22 v7.00x Hyperref: PDFDocEncoding definition (HO)
Now handling font encoding PD1 ...
... no UTF-8 mapping file for font encoding PD1
)
(C:\Users\Aslene\AppData\Local\Programs\MiKTeX\tex/generic/intcalc\intcalc.sty
Package: intcalc 2019/12/15 v1.3 Expandable calculations with integers (HO)
)
\Hy@SavedSpaceFactor=\count288
(C:\Users\Aslene\AppData\Local\Programs\MiKTeX\tex/latex/hyperref\puenc.def
File: puenc.def 2023-04-22 v7.00x Hyperref: PDF Unicode definition (HO)
Now handling font encoding PU ...
... no UTF-8 mapping file for font encoding PU
)
Package hyperref Info: Hyper figures OFF on input line 4182.
Package hyperref Info: Link nesting OFF on input line 4187.
Package hyperref Info: Hyper index ON on input line 4190.
Package hyperref Info: Plain pages OFF on input line 4197.
Package hyperref Info: Backreferencing OFF on input line 4202.
Package hyperref Info: Implicit mode ON; LaTeX internals redefined.
Package hyperref Info: Bookmarks ON on input line 4449.
\c@Hy@tempcnt=\count289

(C:\Users\Aslene\AppData\Local\Programs\MiKTeX\tex/latex/url\url.sty
\Urlmuskip=\muskip16
Package: url 2013/09/16  ver 3.4  Verb mode for urls, etc.
)
LaTeX Info: Redefining \url on input line 4787.
\XeTeXLinkMargin=\dimen165

(C:\Users\Aslene\AppData\Local\Programs\MiKTeX\tex/generic/bitset\bitset.sty
Package: bitset 2019/12/09 v1.3 Handle bit-vector datatype (HO)

(C:\Users\Aslene\AppData\Local\Programs\MiKTeX\tex/generic/bigintcalc\bigintcal
c.sty
Package: bigintcalc 2019/12/15 v1.5 Expandable calculations on big integers (HO
)
))
\Fld@menulength=\count290
\Field@Width=\dimen166
\Fld@charsize=\dimen167
Package hyperref Info: Hyper figures OFF on input line 6066.
Package hyperref Info: Link nesting OFF on input line 6071.
Package hyperref Info: Hyper index ON on input line 6074.
Package hyperref Info: backreferencing OFF on input line 6081.
Package hyperref Info: Link coloring OFF on input line 6086.
Package hyperref Info: Link coloring with OCG OFF on input line 6091.
Package hyperref Info: PDF/A mode OFF on input line 6096.

(C:\Users\Aslene\AppData\Local\Programs\MiKTeX\tex/latex/base\atbegshi-ltx.sty
Package: atbegshi-ltx 2021/01/10 v1.0c Emulation of the original atbegshi
package with kernel methods
)
\Hy@abspage=\count291
\c@Item=\count292
\c@Hfootnote=\count293
)
Package hyperref Info: Driver (autodetected): hpdftex.
 (C:\Users\Aslene\AppData\Local\Programs\MiKTeX\tex/latex/hyperref\hpdftex.def
File: hpdftex.def 2023-04-22 v7.00x Hyperref driver for pdfTeX

(C:\Users\Aslene\AppData\Local\Programs\MiKTeX\tex/latex/base\atveryend-ltx.sty
Package: atveryend-ltx 2020/08/19 v1.0a Emulation of the original atveryend pac
kage
with kernel methods
)
\Fld@listcount=\count294
\c@bookmark@seq@number=\count295

(C:\Users\Aslene\AppData\Local\Programs\MiKTeX\tex/latex/rerunfilecheck\rerunfi
lecheck.sty
Package: rerunfilecheck 2022-07-10 v1.10 Rerun checks for auxiliary files (HO)

(C:\Users\Aslene\AppData\Local\Programs\MiKTeX\tex/generic/uniquecounter\unique
counter.sty
Package: uniquecounter 2019/12/15 v1.4 Provide unlimited unique counter (HO)
)
Package uniquecounter Info: New unique counter `rerunfilecheck' on input line 2
85.
)
\Hy@SectionHShift=\skip72
)
(C:\Users\Aslene\AppData\Local\Programs\MiKTeX\tex/latex/needspace\needspace.st
y
Package: needspace 2010/09/12 v1.3d reserve vertical space
)
(C:\Users\Aslene\AppData\Local\Programs\MiKTeX\tex/latex/pdfpages\pdfpages.sty
Package: pdfpages 2022/12/19 v0.5x Insert pages of external PDF documents (AM)

(C:\Users\Aslene\AppData\Local\Programs\MiKTeX\tex/latex/base\ifthen.sty
Package: ifthen 2022/04/13 v1.1d Standard LaTeX ifthen package (DPC)
)
(C:\Users\Aslene\AppData\Local\Programs\MiKTeX\tex/latex/tools\calc.sty
Package: calc 2017/05/25 v4.3 Infix arithmetic (KKT,FJ)
\calc@Acount=\count296
\calc@Bcount=\count297
\calc@Adimen=\dimen168
\calc@Bdimen=\dimen169
\calc@Askip=\skip73
\calc@Bskip=\skip74
LaTeX Info: Redefining \setlength on input line 80.
LaTeX Info: Redefining \addtolength on input line 81.
\calc@Ccount=\count298
\calc@Cskip=\skip75
)
(C:\Users\Aslene\AppData\Local\Programs\MiKTeX\tex/latex/eso-pic\eso-pic.sty
Package: eso-pic 2023/03/23 v3.0b eso-pic (RN)
\ESO@tempdima=\dimen170
\ESO@tempdimb=\dimen171
)
(C:\Users\Aslene\AppData\Local\Programs\MiKTeX\tex/latex/graphics\graphicx.sty
Package: graphicx 2021/09/16 v1.2d Enhanced LaTeX Graphics (DPC,SPQR)

(C:\Users\Aslene\AppData\Local\Programs\MiKTeX\tex/latex/graphics\graphics.sty
Package: graphics 2022/03/10 v1.4e Standard LaTeX Graphics (DPC,SPQR)

(C:\Users\Aslene\AppData\Local\Programs\MiKTeX\tex/latex/graphics\trig.sty
Package: trig 2021/08/11 v1.11 sin cos tan (DPC)
)
(C:\Users\Aslene\AppData\Local\Programs\MiKTeX\tex/latex/graphics-cfg\graphics.
cfg
File: graphics.cfg 2016/06/04 v1.11 sample graphics configuration
)
Package graphics Info: Driver file: pdftex.def on input line 107.
)
\Gin@req@height=\dimen172
\Gin@req@width=\dimen173
)
\AM@pagewidth=\dimen174
\AM@pageheight=\dimen175
\AM@fboxrule=\dimen176

(C:\Users\Aslene\AppData\Local\Programs\MiKTeX\tex/latex/pdfpages\pppdftex.def
File: pppdftex.def 2022/12/19 v0.5x Pdfpages driver for pdfTeX (AM)
)
\pdfpages@includegraphics@status=\count299
\AM@pagebox=\box54
\AM@global@opts=\toks30
\AM@pagecnt=\count300
\AM@toc@title=\toks31
\AM@lof@heading=\toks32
\c@AM@survey=\count301
\AM@templatesizebox=\box55
)
(C:\Users\Aslene\AppData\Local\Programs\MiKTeX\tex/latex/enumitem\enumitem.sty
Package: enumitem 2019/06/20 v3.9 Customized lists
\labelindent=\skip76
\enit@outerparindent=\dimen177
\enit@toks=\toks33
\enit@inbox=\box56
\enit@count@id=\count302
\enitdp@description=\count303
) (C:\Users\Aslene\AppData\Local\Programs\MiKTeX\tex/latex/footmisc\footmisc.st
y
Package: footmisc 2022/03/08 v6.0d a miscellany of footnote facilities
\FN@temptoken=\toks34
\footnotemargin=\dimen178
\@outputbox@depth=\dimen179
Package footmisc Info: Declaring symbol style bringhurst on input line 695.
Package footmisc Info: Declaring symbol style chicago on input line 703.
Package footmisc Info: Declaring symbol style wiley on input line 712.
Package footmisc Info: Declaring symbol style lamport-robust on input line 723.

Package footmisc Info: Declaring symbol style lamport* on input line 743.
Package footmisc Info: Declaring symbol style lamport*-robust on input line 764
.
)
\BoxWd=\skip77
\Aux=\skip78
)
(C:\Users\Aslene\AppData\Local\Programs\MiKTeX\tex/latex/tcolorbox\tcolorbox.st
y
Package: tcolorbox 2023/03/17 version 6.0.3 text color boxes

(C:\Users\Aslene\AppData\Local\Programs\MiKTeX\tex/latex/pgf/basiclayer\pgf.sty

(C:\Users\Aslene\AppData\Local\Programs\MiKTeX\tex/latex/pgf/utilities\pgfrcs.s
ty
(C:\Users\Aslene\AppData\Local\Programs\MiKTeX\tex/generic/pgf/utilities\pgfuti
l-common.tex
\pgfutil@everybye=\toks35
\pgfutil@tempdima=\dimen180
\pgfutil@tempdimb=\dimen181
)
(C:\Users\Aslene\AppData\Local\Programs\MiKTeX\tex/generic/pgf/utilities\pgfuti
l-latex.def
\pgfutil@abb=\box57
)
(C:\Users\Aslene\AppData\Local\Programs\MiKTeX\tex/generic/pgf/utilities\pgfrcs
.code.tex
(C:\Users\Aslene\AppData\Local\Programs\MiKTeX\tex/generic/pgf\pgf.revision.tex
)
Package: pgfrcs 2023-01-15 v3.1.10 (3.1.10)
))
Package: pgf 2023-01-15 v3.1.10 (3.1.10)

(C:\Users\Aslene\AppData\Local\Programs\MiKTeX\tex/latex/pgf/basiclayer\pgfcore
.sty
(C:\Users\Aslene\AppData\Local\Programs\MiKTeX\tex/latex/pgf/systemlayer\pgfsys
.sty
(C:\Users\Aslene\AppData\Local\Programs\MiKTeX\tex/generic/pgf/systemlayer\pgfs
ys.code.tex
Package: pgfsys 2023-01-15 v3.1.10 (3.1.10)

(C:\Users\Aslene\AppData\Local\Programs\MiKTeX\tex/generic/pgf/utilities\pgfkey
s.code.tex
\pgfkeys@pathtoks=\toks36
\pgfkeys@temptoks=\toks37

(C:\Users\Aslene\AppData\Local\Programs\MiKTeX\tex/generic/pgf/utilities\pgfkey
slibraryfiltered.code.tex
\pgfkeys@tmptoks=\toks38
))
\pgf@x=\dimen182
\pgf@y=\dimen183
\pgf@xa=\dimen184
\pgf@ya=\dimen185
\pgf@xb=\dimen186
\pgf@yb=\dimen187
\pgf@xc=\dimen188
\pgf@yc=\dimen189
\pgf@xd=\dimen190
\pgf@yd=\dimen191
\w@pgf@writea=\write3
\r@pgf@reada=\read2
\c@pgf@counta=\count304
\c@pgf@countb=\count305
\c@pgf@countc=\count306
\c@pgf@countd=\count307
\t@pgf@toka=\toks39
\t@pgf@tokb=\toks40
\t@pgf@tokc=\toks41
\pgf@sys@id@count=\count308

(C:\Users\Aslene\AppData\Local\Programs\MiKTeX\tex/generic/pgf/systemlayer\pgf.
cfg
File: pgf.cfg 2023-01-15 v3.1.10 (3.1.10)
)
Driver file for pgf: pgfsys-pdftex.def

(C:\Users\Aslene\AppData\Local\Programs\MiKTeX\tex/generic/pgf/systemlayer\pgfs
ys-pdftex.def
File: pgfsys-pdftex.def 2023-01-15 v3.1.10 (3.1.10)

(C:\Users\Aslene\AppData\Local\Programs\MiKTeX\tex/generic/pgf/systemlayer\pgfs
ys-common-pdf.def
File: pgfsys-common-pdf.def 2023-01-15 v3.1.10 (3.1.10)
)))
(C:\Users\Aslene\AppData\Local\Programs\MiKTeX\tex/generic/pgf/systemlayer\pgfs
yssoftpath.code.tex
File: pgfsyssoftpath.code.tex 2023-01-15 v3.1.10 (3.1.10)
\pgfsyssoftpath@smallbuffer@items=\count309
\pgfsyssoftpath@bigbuffer@items=\count310
)
(C:\Users\Aslene\AppData\Local\Programs\MiKTeX\tex/generic/pgf/systemlayer\pgfs
ysprotocol.code.tex
File: pgfsysprotocol.code.tex 2023-01-15 v3.1.10 (3.1.10)
))
(C:\Users\Aslene\AppData\Local\Programs\MiKTeX\tex/generic/pgf/basiclayer\pgfco
re.code.tex
Package: pgfcore 2023-01-15 v3.1.10 (3.1.10)

(C:\Users\Aslene\AppData\Local\Programs\MiKTeX\tex/generic/pgf/math\pgfmath.cod
e.tex
(C:\Users\Aslene\AppData\Local\Programs\MiKTeX\tex/generic/pgf/math\pgfmathutil
.code.tex)
(C:\Users\Aslene\AppData\Local\Programs\MiKTeX\tex/generic/pgf/math\pgfmathpars
er.code.tex
\pgfmath@dimen=\dimen192
\pgfmath@count=\count311
\pgfmath@box=\box58
\pgfmath@toks=\toks42
\pgfmath@stack@operand=\toks43
\pgfmath@stack@operation=\toks44
)
(C:\Users\Aslene\AppData\Local\Programs\MiKTeX\tex/generic/pgf/math\pgfmathfunc
tions.code.tex)
(C:\Users\Aslene\AppData\Local\Programs\MiKTeX\tex/generic/pgf/math\pgfmathfunc
tions.basic.code.tex)
(C:\Users\Aslene\AppData\Local\Programs\MiKTeX\tex/generic/pgf/math\pgfmathfunc
tions.trigonometric.code.tex)
(C:\Users\Aslene\AppData\Local\Programs\MiKTeX\tex/generic/pgf/math\pgfmathfunc
tions.random.code.tex)
(C:\Users\Aslene\AppData\Local\Programs\MiKTeX\tex/generic/pgf/math\pgfmathfunc
tions.comparison.code.tex)
(C:\Users\Aslene\AppData\Local\Programs\MiKTeX\tex/generic/pgf/math\pgfmathfunc
tions.base.code.tex)
(C:\Users\Aslene\AppData\Local\Programs\MiKTeX\tex/generic/pgf/math\pgfmathfunc
tions.round.code.tex)
(C:\Users\Aslene\AppData\Local\Programs\MiKTeX\tex/generic/pgf/math\pgfmathfunc
tions.misc.code.tex)
(C:\Users\Aslene\AppData\Local\Programs\MiKTeX\tex/generic/pgf/math\pgfmathfunc
tions.integerarithmetics.code.tex)
(C:\Users\Aslene\AppData\Local\Programs\MiKTeX\tex/generic/pgf/math\pgfmathcalc
.code.tex)
(C:\Users\Aslene\AppData\Local\Programs\MiKTeX\tex/generic/pgf/math\pgfmathfloa
t.code.tex
\c@pgfmathroundto@lastzeros=\count312
))
(C:\Users\Aslene\AppData\Local\Programs\MiKTeX\tex/generic/pgf/math\pgfint.code
.tex)
(C:\Users\Aslene\AppData\Local\Programs\MiKTeX\tex/generic/pgf/basiclayer\pgfco
repoints.code.tex
File: pgfcorepoints.code.tex 2023-01-15 v3.1.10 (3.1.10)
\pgf@picminx=\dimen193
\pgf@picmaxx=\dimen194
\pgf@picminy=\dimen195
\pgf@picmaxy=\dimen196
\pgf@pathminx=\dimen197
\pgf@pathmaxx=\dimen198
\pgf@pathminy=\dimen199
\pgf@pathmaxy=\dimen256
\pgf@xx=\dimen257
\pgf@xy=\dimen258
\pgf@yx=\dimen259
\pgf@yy=\dimen260
\pgf@zx=\dimen261
\pgf@zy=\dimen262
)
(C:\Users\Aslene\AppData\Local\Programs\MiKTeX\tex/generic/pgf/basiclayer\pgfco
repathconstruct.code.tex
File: pgfcorepathconstruct.code.tex 2023-01-15 v3.1.10 (3.1.10)
\pgf@path@lastx=\dimen263
\pgf@path@lasty=\dimen264
)
(C:\Users\Aslene\AppData\Local\Programs\MiKTeX\tex/generic/pgf/basiclayer\pgfco
repathusage.code.tex
File: pgfcorepathusage.code.tex 2023-01-15 v3.1.10 (3.1.10)
\pgf@shorten@end@additional=\dimen265
\pgf@shorten@start@additional=\dimen266
)
(C:\Users\Aslene\AppData\Local\Programs\MiKTeX\tex/generic/pgf/basiclayer\pgfco
rescopes.code.tex
File: pgfcorescopes.code.tex 2023-01-15 v3.1.10 (3.1.10)
\pgfpic=\box59
\pgf@hbox=\box60
\pgf@layerbox@main=\box61
\pgf@picture@serial@count=\count313
)
(C:\Users\Aslene\AppData\Local\Programs\MiKTeX\tex/generic/pgf/basiclayer\pgfco
regraphicstate.code.tex
File: pgfcoregraphicstate.code.tex 2023-01-15 v3.1.10 (3.1.10)
\pgflinewidth=\dimen267
)
(C:\Users\Aslene\AppData\Local\Programs\MiKTeX\tex/generic/pgf/basiclayer\pgfco
retransformations.code.tex
File: pgfcoretransformations.code.tex 2023-01-15 v3.1.10 (3.1.10)
\pgf@pt@x=\dimen268
\pgf@pt@y=\dimen269
\pgf@pt@temp=\dimen270
)
(C:\Users\Aslene\AppData\Local\Programs\MiKTeX\tex/generic/pgf/basiclayer\pgfco
requick.code.tex
File: pgfcorequick.code.tex 2023-01-15 v3.1.10 (3.1.10)
)
(C:\Users\Aslene\AppData\Local\Programs\MiKTeX\tex/generic/pgf/basiclayer\pgfco
reobjects.code.tex
File: pgfcoreobjects.code.tex 2023-01-15 v3.1.10 (3.1.10)
)
(C:\Users\Aslene\AppData\Local\Programs\MiKTeX\tex/generic/pgf/basiclayer\pgfco
repathprocessing.code.tex
File: pgfcorepathprocessing.code.tex 2023-01-15 v3.1.10 (3.1.10)
)
(C:\Users\Aslene\AppData\Local\Programs\MiKTeX\tex/generic/pgf/basiclayer\pgfco
rearrows.code.tex
File: pgfcorearrows.code.tex 2023-01-15 v3.1.10 (3.1.10)
\pgfarrowsep=\dimen271
)
(C:\Users\Aslene\AppData\Local\Programs\MiKTeX\tex/generic/pgf/basiclayer\pgfco
reshade.code.tex
File: pgfcoreshade.code.tex 2023-01-15 v3.1.10 (3.1.10)
\pgf@max=\dimen272
\pgf@sys@shading@range@num=\count314
\pgf@shadingcount=\count315
)
(C:\Users\Aslene\AppData\Local\Programs\MiKTeX\tex/generic/pgf/basiclayer\pgfco
reimage.code.tex
File: pgfcoreimage.code.tex 2023-01-15 v3.1.10 (3.1.10)
)
(C:\Users\Aslene\AppData\Local\Programs\MiKTeX\tex/generic/pgf/basiclayer\pgfco
reexternal.code.tex
File: pgfcoreexternal.code.tex 2023-01-15 v3.1.10 (3.1.10)
\pgfexternal@startupbox=\box62
)
(C:\Users\Aslene\AppData\Local\Programs\MiKTeX\tex/generic/pgf/basiclayer\pgfco
relayers.code.tex
File: pgfcorelayers.code.tex 2023-01-15 v3.1.10 (3.1.10)
)
(C:\Users\Aslene\AppData\Local\Programs\MiKTeX\tex/generic/pgf/basiclayer\pgfco
retransparency.code.tex
File: pgfcoretransparency.code.tex 2023-01-15 v3.1.10 (3.1.10)
)
(C:\Users\Aslene\AppData\Local\Programs\MiKTeX\tex/generic/pgf/basiclayer\pgfco
repatterns.code.tex
File: pgfcorepatterns.code.tex 2023-01-15 v3.1.10 (3.1.10)
)
(C:\Users\Aslene\AppData\Local\Programs\MiKTeX\tex/generic/pgf/basiclayer\pgfco
rerdf.code.tex
File: pgfcorerdf.code.tex 2023-01-15 v3.1.10 (3.1.10)
)))
(C:\Users\Aslene\AppData\Local\Programs\MiKTeX\tex/generic/pgf/modules\pgfmodul
eshapes.code.tex
File: pgfmoduleshapes.code.tex 2023-01-15 v3.1.10 (3.1.10)
\pgfnodeparttextbox=\box63
)
(C:\Users\Aslene\AppData\Local\Programs\MiKTeX\tex/generic/pgf/modules\pgfmodul
eplot.code.tex
File: pgfmoduleplot.code.tex 2023-01-15 v3.1.10 (3.1.10)
)
(C:\Users\Aslene\AppData\Local\Programs\MiKTeX\tex/latex/pgf/compatibility\pgfc
omp-version-0-65.sty
Package: pgfcomp-version-0-65 2023-01-15 v3.1.10 (3.1.10)
\pgf@nodesepstart=\dimen273
\pgf@nodesepend=\dimen274
)
(C:\Users\Aslene\AppData\Local\Programs\MiKTeX\tex/latex/pgf/compatibility\pgfc
omp-version-1-18.sty
Package: pgfcomp-version-1-18 2023-01-15 v3.1.10 (3.1.10)
))
(C:\Users\Aslene\AppData\Local\Programs\MiKTeX\tex/latex/tools\verbatim.sty
Package: verbatim 2022-07-02 v1.5u LaTeX2e package for verbatim enhancements
\every@verbatim=\toks45
\verbatim@line=\toks46
\verbatim@in@stream=\read3
)
\tcb@titlebox=\box64
\tcb@upperbox=\box65
\tcb@lowerbox=\box66
\tcb@phantombox=\box67
\c@tcbbreakpart=\count316
\c@tcblayer=\count317
\c@tcolorbox@number=\count318
\tcb@temp=\box68
\tcb@temp=\box69
\tcb@temp=\box70
\tcb@temp=\box71

(C:\Users\Aslene\AppData\Local\Programs\MiKTeX\tex/latex/tcolorbox\tcbskins.cod
e.tex
Library (tcolorbox): 'tcbskins.code.tex' version '6.0.3'

(C:\Users\Aslene\AppData\Local\Programs\MiKTeX\tex/latex/pgf/frontendlayer\tikz
.sty
(C:\Users\Aslene\AppData\Local\Programs\MiKTeX\tex/latex/pgf/utilities\pgffor.s
ty
(C:\Users\Aslene\AppData\Local\Programs\MiKTeX\tex/latex/pgf/utilities\pgfkeys.
sty
(C:\Users\Aslene\AppData\Local\Programs\MiKTeX\tex/generic/pgf/utilities\pgfkey
s.code.tex))
(C:\Users\Aslene\AppData\Local\Programs\MiKTeX\tex/latex/pgf/math\pgfmath.sty
(C:\Users\Aslene\AppData\Local\Programs\MiKTeX\tex/generic/pgf/math\pgfmath.cod
e.tex))
(C:\Users\Aslene\AppData\Local\Programs\MiKTeX\tex/generic/pgf/utilities\pgffor
.code.tex
Package: pgffor 2023-01-15 v3.1.10 (3.1.10)
\pgffor@iter=\dimen275
\pgffor@skip=\dimen276
\pgffor@stack=\toks47
\pgffor@toks=\toks48
))
(C:\Users\Aslene\AppData\Local\Programs\MiKTeX\tex/generic/pgf/frontendlayer/ti
kz\tikz.code.tex
Package: tikz 2023-01-15 v3.1.10 (3.1.10)

(C:\Users\Aslene\AppData\Local\Programs\MiKTeX\tex/generic/pgf/libraries\pgflib
raryplothandlers.code.tex
File: pgflibraryplothandlers.code.tex 2023-01-15 v3.1.10 (3.1.10)
\pgf@plot@mark@count=\count319
\pgfplotmarksize=\dimen277
)
\tikz@lastx=\dimen278
\tikz@lasty=\dimen279
\tikz@lastxsaved=\dimen280
\tikz@lastysaved=\dimen281
\tikz@lastmovetox=\dimen282
\tikz@lastmovetoy=\dimen283
\tikzleveldistance=\dimen284
\tikzsiblingdistance=\dimen285
\tikz@figbox=\box72
\tikz@figbox@bg=\box73
\tikz@tempbox=\box74
\tikz@tempbox@bg=\box75
\tikztreelevel=\count320
\tikznumberofchildren=\count321
\tikznumberofcurrentchild=\count322
\tikz@fig@count=\count323

(C:\Users\Aslene\AppData\Local\Programs\MiKTeX\tex/generic/pgf/modules\pgfmodul
ematrix.code.tex
File: pgfmodulematrix.code.tex 2023-01-15 v3.1.10 (3.1.10)
\pgfmatrixcurrentrow=\count324
\pgfmatrixcurrentcolumn=\count325
\pgf@matrix@numberofcolumns=\count326
)
\tikz@expandcount=\count327

(C:\Users\Aslene\AppData\Local\Programs\MiKTeX\tex/generic/pgf/frontendlayer/ti
kz/libraries\tikzlibrarytopaths.code.tex
File: tikzlibrarytopaths.code.tex 2023-01-15 v3.1.10 (3.1.10)
)))
(C:\Users\Aslene\AppData\Local\Programs\MiKTeX\tex/latex/tikzfill\tikzfill.imag
e.sty
Package: tikzfill.image 2022/07/20 v1.0.0 Image filling library for TikZ

(C:\Users\Aslene\AppData\Local\Programs\MiKTeX\tex/latex/tikzfill\tikzfill-comm
on.sty
Package: tikzfill-common 2022/07/20 v1.0.0 Auxiliary code for tikzfill
)
(C:\Users\Aslene\AppData\Local\Programs\MiKTeX\tex/latex/tikzfill\tikzlibraryfi
ll.image.code.tex
File: tikzlibraryfill.image.code.tex 2022/07/20 v1.0.0 Image filling library
\l__tikzfill_img_box=\box76
))
(C:\Users\Aslene\AppData\Local\Programs\MiKTeX\tex/latex/tcolorbox\tcbskinsjigs
aw.code.tex
Library (tcolorbox): 'tcbskinsjigsaw.code.tex' version '6.0.3'
))) (C:\Users\Aslene\AppData\Local\Programs\MiKTeX\tex/generic/babel\babel.sty
Package: babel 2023/04/18 3.88 The Babel package
\babel@savecnt=\count328
\U@D=\dimen286
\l@unhyphenated=\language79

(C:\Users\Aslene\AppData\Local\Programs\MiKTeX\tex/generic/babel\txtbabel.def)
\bbl@readstream=\read4
\bbl@dirlevel=\count329

*************************************
* Local config file bblopts.cfg used
*
(C:\Users\Aslene\AppData\Local\Programs\MiKTeX\tex/latex/arabi\bblopts.cfg
File: bblopts.cfg 2005/09/08 v0.1 add Arabic and Farsi to "declared" options of
 babel
)
(C:\Users\Aslene\AppData\Local\Programs\MiKTeX\tex/generic/babel-french\francai
s.ldf
Language: francais 2023/03/08 v3.5q French support from the babel system

(C:\Users\Aslene\AppData\Local\Programs\MiKTeX\tex/generic/babel-french\french.
ldf
Language: french 2023/03/08 v3.5q French support from the babel system
Package babel Info: Hyphen rules for 'acadian' set to \l@french
(babel)             (\language22). Reported on input line 91.
Package babel Info: Hyphen rules for 'canadien' set to \l@french
(babel)             (\language22). Reported on input line 92.
\FB@nonchar=\count330
Package babel Info: Making : an active character on input line 395.
Package babel Info: Making ; an active character on input line 396.
Package babel Info: Making ! an active character on input line 397.
Package babel Info: Making ? an active character on input line 398.
\FBguill@level=\count331
\FBold@everypar=\toks49
\FB@Mht=\dimen287
\mc@charclass=\count332
\mc@charfam=\count333
\mc@charslot=\count334
\std@mcc=\count335
\dec@mcc=\count336
\FB@parskip=\dimen288
\listindentFB=\dimen289
\descindentFB=\dimen290
\labelindentFB=\dimen291
\labelwidthFB=\dimen292
\leftmarginFB=\dimen293
\parindentFFN=\dimen294
\FBfnindent=\dimen295
))
(C:\Users\Aslene\AppData\Local\Programs\MiKTeX\tex/latex/babel-english\english.
ldf
Language: english 2017/06/06 v3.3r English support from the babel system
Package babel Info: Hyphen rules for 'canadian' set to \l@english
(babel)             (\language0). Reported on input line 102.
Package babel Info: Hyphen rules for 'australian' set to \l@ukenglish
(babel)             (\language73). Reported on input line 105.
Package babel Info: Hyphen rules for 'newzealand' set to \l@ukenglish
(babel)             (\language73). Reported on input line 108.
))
(C:\Users\Aslene\AppData\Local\Programs\MiKTeX\tex/generic/babel/locale/en\babe
l-english.tex
Package babel Info: Importing font and identification data for english
(babel)             from babel-en.ini. Reported on input line 11.
)
(C:\Users\Aslene\AppData\Local\Programs\MiKTeX\tex/latex/carlisle\scalefnt.sty)
(C:\Users\Aslene\AppData\Local\Programs\MiKTeX\tex/latex/tools\varioref.sty
Package: varioref 2022/01/09 v1.6f package for extended references (FMi)
\c@vrcnt=\count337
)
(C:\Users\Aslene\AppData\Local\Programs\MiKTeX\tex/latex/adjustbox\adjustbox.st
y
Package: adjustbox 2022/10/17 v1.3a Adjusting TeX boxes (trim, clip, ...)
 (C:\Users\Aslene\AppData\Local\Programs\MiKTeX\tex/latex/xkeyval\xkeyval.sty
Package: xkeyval 2022/06/16 v2.9 package option processing (HA)

(C:\Users\Aslene\AppData\Local\Programs\MiKTeX\tex/generic/xkeyval\xkeyval.tex
(C:\Users\Aslene\AppData\Local\Programs\MiKTeX\tex/generic/xkeyval\xkvutils.tex
\XKV@toks=\toks50
\XKV@tempa@toks=\toks51
)
\XKV@depth=\count338
File: xkeyval.tex 2014/12/03 v2.7a key=value parser (HA)
))
(C:\Users\Aslene\AppData\Local\Programs\MiKTeX\tex/latex/adjustbox\adjcalc.sty
Package: adjcalc 2012/05/16 v1.1 Provides advanced setlength with multiple back
-ends (calc, etex, pgfmath)
)
(C:\Users\Aslene\AppData\Local\Programs\MiKTeX\tex/latex/adjustbox\trimclip.sty
Package: trimclip 2020/08/19 v1.2 Trim and clip general TeX material

(C:\Users\Aslene\AppData\Local\Programs\MiKTeX\tex/latex/collectbox\collectbox.
sty
Package: collectbox 2022/10/17 v0.4c Collect macro arguments as boxes
\collectedbox=\box77
)
\tc@llx=\dimen296
\tc@lly=\dimen297
\tc@urx=\dimen298
\tc@ury=\dimen299
Package trimclip Info: Using driver 'tc-pdftex.def'.

(C:\Users\Aslene\AppData\Local\Programs\MiKTeX\tex/latex/adjustbox\tc-pdftex.de
f
File: tc-pdftex.def 2019/01/04 v2.2 Clipping driver for pdftex
))
\adjbox@Width=\dimen300
\adjbox@Height=\dimen301
\adjbox@Depth=\dimen302
\adjbox@Totalheight=\dimen303
\adjbox@pwidth=\dimen304
\adjbox@pheight=\dimen305
\adjbox@pdepth=\dimen306
\adjbox@ptotalheight=\dimen307

(C:\Users\Aslene\AppData\Local\Programs\MiKTeX\tex/latex/ifoddpage\ifoddpage.st
y
Package: ifoddpage 2022/10/18 v1.2 Conditionals for odd/even page detection
\c@checkoddpage=\count339
)
(C:\Users\Aslene\AppData\Local\Programs\MiKTeX\tex/latex/varwidth\varwidth.sty
Package: varwidth 2009/03/30 ver 0.92;  Variable-width minipages
\@vwid@box=\box78
\sift@deathcycles=\count340
\@vwid@loff=\dimen308
\@vwid@roff=\dimen309
)) (C:\Users\Aslene\AppData\Local\Programs\MiKTeX\tex/latex/acro\acro.sty
(C:\Users\Aslene\AppData\Local\Programs\MiKTeX\tex/latex/l3packages/l3keys2e\l3
keys2e.sty
(C:\Users\Aslene\AppData\Local\Programs\MiKTeX\tex/latex/l3kernel\expl3.sty
Package: expl3 2023-04-20 L3 programming layer (loader) 

(C:\Users\Aslene\AppData\Local\Programs\MiKTeX\tex/latex/l3backend\l3backend-pd
ftex.def
File: l3backend-pdftex.def 2023-04-19 L3 backend support: PDF output (pdfTeX)
\l__color_backend_stack_int=\count341
\l__pdf_internal_box=\box79
))
Package: l3keys2e 2023-02-02 LaTeX2e option processing using LaTeX3 keys
)
Package: acro 2022/04/01 v3.8 typeset acronyms and other abbreviations (CN)
\l__acro_tmpa_int=\count342
\l__acro_tmpb_int=\count343
\l__acro_tmpc_int=\count344
\l__acro_tmpd_int=\count345
Loading module `base' ...
Loading module `interface' ...
Loading module `aux' ...
Loading module `properties' ...
Loading module `acronyms' ...
Loading module `formatting' ...
Loading module `ppfixes' ...
Loading module `tools' ...
\l__acro_minimal_usage_int=\count346
\l__acro_nest_int=\count347
\g_acro_barrier_int=\count348
\g_acro_barrier_total_int=\count349
Loading module `commands' ...
\l_acro_nest_level_int=\count350
Loading module `templates' ...
Loading module `list' ...
Loading module `pages' ...
\l__acro_pages_seq_threshold_int=\count351
Loading module `locale' ...

(C:\Users\Aslene\AppData\Local\Programs\MiKTeX\tex/latex/translations\translati
ons.sty
Package: translations 2022/02/05 v1.12 internationalization of LaTeX2e packages
 (CN)
)
Loading module `pdfsupport' ...
Loading module `patch' ...
Loading module `definitions' ...
Loading module `upgrade' ...
)
(C:\Users\Aslene\AppData\Local\Programs\MiKTeX\tex/latex/setspace\setspace.sty
Package: setspace 2022/12/04 v6.7b set line spacing
) (C:\Users\Aslene\AppData\Local\Programs\MiKTeX\tex/latex/tools\tabularx.sty
Package: tabularx 2020/01/15 v2.11c `tabularx' package (DPC)
\TX@col@width=\dimen310
\TX@old@table=\dimen311
\TX@old@col=\dimen312
\TX@target=\dimen313
\TX@delta=\dimen314
\TX@cols=\count352
\TX@ftn=\toks52
)
(C:\Users\Aslene\AppData\Local\Programs\MiKTeX\tex/latex/ctable\ctable.sty
Package: ctable 2015/10/17 v1.31 ctable package for flexible typesetting of tab
le and figure floats using key/value directives

(C:\Users\Aslene\AppData\Local\Programs\MiKTeX\tex/generic/iftex\ifpdf.sty
Package: ifpdf 2019/10/25 v3.4 ifpdf legacy package. Use iftex instead.
)
(C:\Users\Aslene\AppData\Local\Programs\MiKTeX\tex/latex/booktabs\booktabs.sty
Package: booktabs 2020/01/12 v1.61803398 Publication quality tables
\heavyrulewidth=\dimen315
\lightrulewidth=\dimen316
\cmidrulewidth=\dimen317
\belowrulesep=\dimen318
\belowbottomsep=\dimen319
\aboverulesep=\dimen320
\abovetopsep=\dimen321
\cmidrulesep=\dimen322
\cmidrulekern=\dimen323
\defaultaddspace=\dimen324
\@cmidla=\count353
\@cmidlb=\count354
\@aboverulesep=\dimen325
\@belowrulesep=\dimen326
\@thisruleclass=\count355
\@lastruleclass=\count356
\@thisrulewidth=\dimen327
) (C:\Users\Aslene\AppData\Local\Programs\MiKTeX\tex/latex/graphics\rotating.st
y
Package: rotating 2016/08/11 v2.16d rotated objects in LaTeX
\c@r@tfl@t=\count357
\rotFPtop=\skip79
\rotFPbot=\skip80
\rot@float@box=\box80
\rot@mess@toks=\toks53
)
\@CTframesep=\dimen328
\@dfltCTframesep=\dimen329
\@CTframerule=\dimen330
\@dfltCTframerule=\dimen331
\@CTwidth=\dimen332
\@dfltCTwidth=\dimen333
\@CTcaptionskip=\dimen334
\@dfltCTcaptionskip=\dimen335
\@CTmaxwidth=\dimen336
\@dfltCTmaxwidth=\dimen337
\@CTmincapwidth=\dimen338
\@dfltCTmincapwidth=\dimen339
\@CTfooterwidth=\dimen340
\@dfltCTfooterwidth=\dimen341
\@CTw=\dimen342
\@CTfloatwidth=\dimen343
\@CToldsep=\dimen344
\@CToldrule=\dimen345
\CT@t=\box81
\@CTcurftwidth=\dimen346
)
(C:\Users\Aslene\AppData\Local\Programs\MiKTeX\tex/latex/multirow\multirow.sty
Package: multirow 2021/03/15 v2.8 Span multiple rows of a table
\multirow@colwidth=\skip81
\multirow@cntb=\count358
\multirow@dima=\skip82
\bigstrutjot=\dimen347
) (C:\Users\Aslene\AppData\Local\Programs\MiKTeX\tex/latex/seqsplit\seqsplit.st
y
Package: seqsplit 2006/08/07 v0.1 Splitting long sequences (DNA, RNA, proteins,
 etc.) 
) (C:\Users\Aslene\AppData\Local\Programs\MiKTeX\tex/latex/base\fontenc.sty
Package: fontenc 2021/04/29 v2.0v Standard LaTeX package
LaTeX Font Info:    Trying to load font information for OT1+ptm on input line 1
12.

(C:\Users\Aslene\AppData\Local\Programs\MiKTeX\tex/latex/psnfss\ot1ptm.fd
File: ot1ptm.fd 2001/06/04 font definitions for OT1/ptm.
))
(C:\Users\Aslene\AppData\Local\Programs\MiKTeX\tex/latex/wrapfig\wrapfig.sty
\wrapoverhang=\dimen348
\WF@size=\dimen349
\c@WF@wrappedlines=\count359
\WF@box=\box82
\WF@everypar=\toks54
Package: wrapfig 2003/01/31  v 3.6
)
(C:\Users\Aslene\AppData\Local\Programs\MiKTeX\tex/latex/float\float.sty
Package: float 2001/11/08 v1.3d Float enhancements (AL)
\c@float@type=\count360
\float@exts=\toks55
\float@box=\box83
\@float@everytoks=\toks56
\@floatcapt=\box84
)
(C:\Users\Aslene\AppData\Local\Programs\MiKTeX\tex/latex/nowidow\nowidow.sty
Package: nowidow 2011/09/20 1.0 Easily prevent widows and orphans
Package: nowidow 
)
(C:\Users\Aslene\AppData\Local\Programs\MiKTeX\tex/latex/biblatex\biblatex.sty
Package: biblatex 2023/03/05 v3.19 programmable bibliographies (PK/MW)

(C:\Users\Aslene\AppData\Local\Programs\MiKTeX\tex/latex/logreq\logreq.sty
Package: logreq 2010/08/04 v1.0 xml request logger
\lrq@indent=\count361

(C:\Users\Aslene\AppData\Local\Programs\MiKTeX\tex/latex/logreq\logreq.def
File: logreq.def 2010/08/04 v1.0 logreq spec v1.0
))
\c@tabx@nest=\count362
\c@listtotal=\count363
\c@listcount=\count364
\c@liststart=\count365
\c@liststop=\count366
\c@citecount=\count367
\c@citetotal=\count368
\c@multicitecount=\count369
\c@multicitetotal=\count370
\c@instcount=\count371
\c@maxnames=\count372
\c@minnames=\count373
\c@maxitems=\count374
\c@minitems=\count375
\c@citecounter=\count376
\c@maxcitecounter=\count377
\c@savedcitecounter=\count378
\c@uniquelist=\count379
\c@uniquename=\count380
\c@refsection=\count381
\c@refsegment=\count382
\c@maxextratitle=\count383
\c@maxextratitleyear=\count384
\c@maxextraname=\count385
\c@maxextradate=\count386
\c@maxextraalpha=\count387
\c@abbrvpenalty=\count388
\c@highnamepenalty=\count389
\c@lownamepenalty=\count390
\c@maxparens=\count391
\c@parenlevel=\count392
\blx@tempcnta=\count393
\blx@tempcntb=\count394
\blx@tempcntc=\count395
\c@blx@maxsection=\count396
\blx@maxsegment@0=\count397
\blx@notetype=\count398
\blx@parenlevel@text=\count399
\blx@parenlevel@foot=\count400
\blx@sectionciteorder@0=\count401
\blx@sectionciteorderinternal@0=\count402
\blx@entrysetcounter=\count403
\blx@biblioinstance=\count404
\labelnumberwidth=\skip83
\labelalphawidth=\skip84
\biblabelsep=\skip85
\bibitemsep=\skip86
\bibnamesep=\skip87
\bibinitsep=\skip88
\bibparsep=\skip89
\bibhang=\skip90
\blx@bcfin=\read5
\blx@bcfout=\write4
\blx@langwohyphens=\language80
\c@mincomprange=\count405
\c@maxcomprange=\count406
\c@mincompwidth=\count407
Package biblatex Info: Trying to load biblatex default data model...
Package biblatex Info: ... file 'blx-dm.def' found.

(C:\Users\Aslene\AppData\Local\Programs\MiKTeX\tex/latex/biblatex\blx-dm.def
File: blx-dm.def 2023/03/05 v3.19 biblatex localization (PK/MW)
)
Package biblatex Info: Trying to load biblatex custom data model...
Package biblatex Info: ... file 'biblatex-dm.cfg' not found.
\c@afterword=\count408
\c@savedafterword=\count409
\c@annotator=\count410
\c@savedannotator=\count411
\c@author=\count412
\c@savedauthor=\count413
\c@bookauthor=\count414
\c@savedbookauthor=\count415
\c@commentator=\count416
\c@savedcommentator=\count417
\c@editor=\count418
\c@savededitor=\count419
\c@editora=\count420
\c@savededitora=\count421
\c@editorb=\count422
\c@savededitorb=\count423
\c@editorc=\count424
\c@savededitorc=\count425
\c@foreword=\count426
\c@savedforeword=\count427
\c@holder=\count428
\c@savedholder=\count429
\c@introduction=\count430
\c@savedintroduction=\count431
\c@namea=\count432
\c@savednamea=\count433
\c@nameb=\count434
\c@savednameb=\count435
\c@namec=\count436
\c@savednamec=\count437
\c@translator=\count438
\c@savedtranslator=\count439
\c@shortauthor=\count440
\c@savedshortauthor=\count441
\c@shorteditor=\count442
\c@savedshorteditor=\count443
\c@labelname=\count444
\c@savedlabelname=\count445
\c@institution=\count446
\c@savedinstitution=\count447
\c@lista=\count448
\c@savedlista=\count449
\c@listb=\count450
\c@savedlistb=\count451
\c@listc=\count452
\c@savedlistc=\count453
\c@listd=\count454
\c@savedlistd=\count455
\c@liste=\count456
\c@savedliste=\count457
\c@listf=\count458
\c@savedlistf=\count459
\c@location=\count460
\c@savedlocation=\count461
\c@organization=\count462
\c@savedorganization=\count463
\c@origlocation=\count464
\c@savedoriglocation=\count465
\c@origpublisher=\count466
\c@savedorigpublisher=\count467
\c@publisher=\count468
\c@savedpublisher=\count469
\c@language=\count470
\c@savedlanguage=\count471
\c@origlanguage=\count472
\c@savedoriglanguage=\count473
\c@pageref=\count474
\c@savedpageref=\count475
\shorthandwidth=\skip91
\shortjournalwidth=\skip92
\shortserieswidth=\skip93
\shorttitlewidth=\skip94
\shortauthorwidth=\skip95
\shorteditorwidth=\skip96
\locallabelnumberwidth=\skip97
\locallabelalphawidth=\skip98
\localshorthandwidth=\skip99
\localshortjournalwidth=\skip100
\localshortserieswidth=\skip101
\localshorttitlewidth=\skip102
\localshortauthorwidth=\skip103
\localshorteditorwidth=\skip104
Package biblatex Info: Trying to load compatibility code...
Package biblatex Info: ... file 'blx-compat.def' found.

(C:\Users\Aslene\AppData\Local\Programs\MiKTeX\tex/latex/biblatex\blx-compat.de
f
File: blx-compat.def 2023/03/05 v3.19 biblatex compatibility (PK/MW)
)
Package biblatex Info: Trying to load BibTeX backend compatibility...
Package biblatex Info: ... file 'blx-bibtex.def' found.

(C:\Users\Aslene\AppData\Local\Programs\MiKTeX\tex/latex/biblatex\blx-bibtex.de
f
File: blx-bibtex.def 2023/03/05 v3.19 biblatex compatibility (PK/MW)
)
Package biblatex Info: Trying to load generic definitions...
Package biblatex Info: ... file 'biblatex.def' found.

(C:\Users\Aslene\AppData\Local\Programs\MiKTeX\tex/latex/biblatex\biblatex.def
File: biblatex.def 2023/03/05 v3.19 biblatex compatibility (PK/MW)
\c@textcitecount=\count476
\c@textcitetotal=\count477
\c@textcitemaxnames=\count478
\c@biburlbigbreakpenalty=\count479
\c@biburlbreakpenalty=\count480
\c@biburlnumpenalty=\count481
\c@biburlucpenalty=\count482
\c@biburllcpenalty=\count483
\biburlbigskip=\muskip17
\biburlnumskip=\muskip18
\biburlucskip=\muskip19
\biburllcskip=\muskip20
\c@smartand=\count484
)
Package biblatex Info: Trying to load bibliography style 'numeric'...
Package biblatex Info: ... file 'numeric.bbx' found.

(C:\Users\Aslene\AppData\Local\Programs\MiKTeX\tex/latex/biblatex/bbx\numeric.b
bx
File: numeric.bbx 2023/03/05 v3.19 biblatex bibliography style (PK/MW)
Package biblatex Info: Trying to load bibliography style 'standard'...
Package biblatex Info: ... file 'standard.bbx' found.

(C:\Users\Aslene\AppData\Local\Programs\MiKTeX\tex/latex/biblatex/bbx\standard.
bbx
File: standard.bbx 2023/03/05 v3.19 biblatex bibliography style (PK/MW)
\c@bbx:relatedcount=\count485
\c@bbx:relatedtotal=\count486
))
Package biblatex Info: Trying to load citation style 'numeric'...
Package biblatex Info: ... file 'numeric.cbx' found.

(C:\Users\Aslene\AppData\Local\Programs\MiKTeX\tex/latex/biblatex/cbx\numeric.c
bx
File: numeric.cbx 2023/03/05 v3.19 biblatex citation style (PK/MW)
Package biblatex Info: Redefining '\cite'.
Package biblatex Info: Redefining '\parencite'.
Package biblatex Info: Redefining '\footcite'.
Package biblatex Info: Redefining '\footcitetext'.
Package biblatex Info: Redefining '\smartcite'.
Package biblatex Info: Redefining '\supercite'.
Package biblatex Info: Redefining '\textcite'.
Package biblatex Info: Redefining '\textcites'.
Package biblatex Info: Redefining '\cites'.
Package biblatex Info: Redefining '\parencites'.
Package biblatex Info: Redefining '\smartcites'.
)
Package biblatex Info: Trying to load configuration file...
Package biblatex Info: ... file 'biblatex.cfg' found.

(C:\Users\Aslene\AppData\Local\Programs\MiKTeX\tex/latex/biblatex\biblatex.cfg
File: biblatex.cfg 
)
Package biblatex Info: Input encoding 'utf8' detected.
Package biblatex Info: Document encoding is UTF8 ....
Package biblatex Info: ... and expl3
(biblatex)             2023-04-20 L3 programming layer (loader) 
(biblatex)             is new enough (at least 2020/04/06),
(biblatex)             setting 'casechanger=expl3'.

(C:\Users\Aslene\AppData\Local\Programs\MiKTeX\tex/latex/biblatex\blx-case-expl
3.sty
(C:\Users\Aslene\AppData\Local\Programs\MiKTeX\tex/latex/l3packages/xparse\xpar
se.sty
Package: xparse 2023-02-02 L3 Experimental document command parser
)
Package: blx-case-expl3 2023/03/05 v3.19 expl3 case changing code for biblatex
)) (000-commands.tex
\c@g@acro@ENIS@int=\count487
)
\@quotelevel=\count488
\@quotereset=\count489
 (main.aux (002-top_matter.aux) (003-thanks.aux)
(001-abstract.aux) (004-chapter0-introduction.aux) (004-chapter1.aux)
(004-chapter2.aux) (004-chapter3.aux) (007-references.aux))
\openout1 = `main.aux'.

LaTeX Font Info:    Checking defaults for OML/cmm/m/it on input line 70.
LaTeX Font Info:    ... okay on input line 70.
LaTeX Font Info:    Checking defaults for OMS/cmsy/m/n on input line 70.
LaTeX Font Info:    ... okay on input line 70.
LaTeX Font Info:    Checking defaults for OT1/cmr/m/n on input line 70.
LaTeX Font Info:    ... okay on input line 70.
LaTeX Font Info:    Checking defaults for T1/cmr/m/n on input line 70.
LaTeX Font Info:    ... okay on input line 70.
LaTeX Font Info:    Checking defaults for TS1/cmr/m/n on input line 70.
LaTeX Font Info:    ... okay on input line 70.
LaTeX Font Info:    Checking defaults for OMX/cmex/m/n on input line 70.
LaTeX Font Info:    ... okay on input line 70.
LaTeX Font Info:    Checking defaults for U/cmr/m/n on input line 70.
LaTeX Font Info:    ... okay on input line 70.
LaTeX Font Info:    Checking defaults for PD1/pdf/m/n on input line 70.
LaTeX Font Info:    ... okay on input line 70.
LaTeX Font Info:    Checking defaults for PU/pdf/m/n on input line 70.
LaTeX Font Info:    ... okay on input line 70.

*geometry* driver: auto-detecting
*geometry* detected driver: pdftex
*geometry* verbose mode - [ preamble ] result:
* driver: pdftex
* paper: a4paper
* layout: <same size as paper>
* layoutoffset:(h,v)=(0.0pt,0.0pt)
* modes: 
* h-part:(L,W,R)=(71.13188pt, 455.24411pt, 71.13188pt)
* v-part:(T,H,B)=(71.13188pt, 702.78308pt, 71.13188pt)
* \paperwidth=597.50787pt
* \paperheight=845.04684pt
* \textwidth=455.24411pt
* \textheight=702.78308pt
* \oddsidemargin=-1.1381pt
* \evensidemargin=-1.1381pt
* \topmargin=-38.1381pt
* \headheight=12.0pt
* \headsep=25.0pt
* \topskip=12.0pt
* \footskip=30.0pt
* \marginparwidth=35.0pt
* \marginparsep=10.0pt
* \columnsep=10.0pt
* \skip\footins=10.8pt plus 4.0pt minus 2.0pt
* \hoffset=0.0pt
* \voffset=0.0pt
* \mag=1000
* \@twocolumnfalse
* \@twosidefalse
* \@mparswitchfalse
* \@reversemarginfalse
* (1in=72.27pt=25.4mm, 1cm=28.453pt)


(C:\Users\Aslene\AppData\Local\Programs\MiKTeX\tex/context/base/mkii\supp-pdf.m
kii
[Loading MPS to PDF converter (version 2006.09.02).]
\scratchcounter=\count490
\scratchdimen=\dimen350
\scratchbox=\box85
\nofMPsegments=\count491
\nofMParguments=\count492
\everyMPshowfont=\toks57
\MPscratchCnt=\count493
\MPscratchDim=\dimen351
\MPnumerator=\count494
\makeMPintoPDFobject=\count495
\everyMPtoPDFconversion=\toks58
)
(C:\Users\Aslene\AppData\Local\Programs\MiKTeX\tex/latex/epstopdf-pkg\epstopdf-
base.sty
Package: epstopdf-base 2020-01-24 v2.11 Base part for package epstopdf
Package epstopdf-base Info: Redefining graphics rule for `.eps' on input line 4
85.

(C:\Users\Aslene\AppData\Local\Programs\MiKTeX\tex/latex/00miktex\epstopdf-sys.
cfg
File: epstopdf-sys.cfg 2021/03/18 v2.0 Configuration of epstopdf for MiKTeX
))
Package caption Info: Begin \AtBeginDocument code.
Package caption Info: french babel package is loaded.
Package caption Info: Option `justification=RaggedRight' requires the `ragged2e
' package on input line 70.

(C:\Users\Aslene\AppData\Local\Programs\MiKTeX\tex/latex/ragged2e\ragged2e.sty
Package: ragged2e 2023/04/04 v3.5 ragged2e Package
\CenteringLeftskip=\skip105
\RaggedLeftLeftskip=\skip106
\RaggedRightLeftskip=\skip107
\CenteringRightskip=\skip108
\RaggedLeftRightskip=\skip109
\RaggedRightRightskip=\skip110
\CenteringParfillskip=\skip111
\RaggedLeftParfillskip=\skip112
\RaggedRightParfillskip=\skip113
\JustifyingParfillskip=\skip114
\CenteringParindent=\skip115
\RaggedLeftParindent=\skip116
\RaggedRightParindent=\skip117
\JustifyingParindent=\skip118
)
Package caption Info: float package is loaded.
Package caption Info: hyperref package is loaded.
Package caption Info: rotating package is loaded.
Package caption Info: wrapfig package is loaded.
Package caption Info: End \AtBeginDocument code.
Package hyperref Info: Link coloring OFF on input line 70.
(main.out) (main.out)
\@outlinefile=\write5
\openout5 = `main.out'.


(C:\Users\Aslene\AppData\Local\Programs\MiKTeX\tex/latex/pdflscape\pdflscape.st
y
Package: pdflscape 2022-10-27 v0.13 Display of landscape pages in PDF

(C:\Users\Aslene\AppData\Local\Programs\MiKTeX\tex/latex/pdflscape\pdflscape-no
metadata.sty
Package: pdflscape-nometadata 2022-10-28 v0.13 Display of landscape pages in PD
F (HO)

(C:\Users\Aslene\AppData\Local\Programs\MiKTeX\tex/latex/graphics\lscape.sty
Package: lscape 2020/05/28 v3.02 Landscape Pages (DPC)
)
Package pdflscape Info: Auto-detected driver: pdftex on input line 81.
))
LaTeX Info: Redefining \degres on input line 70.
LaTeX Info: Redefining \up on input line 70.

(C:\Users\Aslene\AppData\Local\Programs\MiKTeX\tex/latex/translations/dicts\tra
nslations-basic-dictionary-english.trsl
File: translations-basic-dictionary-english.trsl (english translation file `tra
nslations-basic-dictionary')
)
Package translations Info: loading dictionary `translations-basic-dictionary' f
or `english'. on input line 70.

(C:\Users\Aslene\AppData\Local\Programs\MiKTeX\tex/latex/translations/dicts\tra
nslations-basic-dictionary-french.trsl
File: translations-basic-dictionary-french.trsl (french translation file `trans
lations-basic-dictionary')
)
Package translations Info: loading dictionary `translations-basic-dictionary' f
or `french'. on input line 70.
Package biblatex Info: Trying to load language 'english'...
Package biblatex Info: ... file 'english.lbx' found.

(C:\Users\Aslene\AppData\Local\Programs\MiKTeX\tex/latex/biblatex/lbx\english.l
bx
File: english.lbx 2023/03/05 v3.19 biblatex localization (PK/MW)
)
Package biblatex Info: Trying to load language 'francais'...
Package biblatex Info: ... file 'francais.lbx' not found.
Package biblatex Info: Input encoding 'utf8' detected.
Package biblatex Info: Automatic encoding selection.
(biblatex)             Assuming data encoding 'utf8'.
Package biblatex Info: Input encoding 'utf8' detected.
Package biblatex Info: Data encoding 'utf8' specified.
(biblatex)             No need to reencode data.
\openout4 = `main-blx.bib'.

Package biblatex Info: Trying to load bibliographic data...
Package biblatex Info: ... file 'main.bbl' not found.

No file main.bbl.
Package biblatex Info: Reference section=0 on input line 70.
Package biblatex Info: Reference segment=0 on input line 70.
\openout2 = `002-top_matter.aux'.

(002-top_matter.tex

pdfTeX warning: pdflatex (file ./page de garde.pdf): PDF inclusion: found PDF v
ersion <1.7>, but at most version <1.5> allowed
<page de garde.pdf, id=154, 597.55246pt x 845.07724pt>
File: page de garde.pdf Graphic file (type pdf)
<use page de garde.pdf>
Package pdftex.def Info: page de garde.pdf  used on input line 15.
(pdftex.def)             Requested size: 597.551pt x 845.07518pt.


pdfTeX warning: pdflatex (file ./page de garde.pdf): PDF inclusion: found PDF v
ersion <1.7>, but at most version <1.5> allowed
File: page de garde.pdf Graphic file (type pdf)
<use page de garde.pdf>
Package pdftex.def Info: page de garde.pdf  used on input line 15.
(pdftex.def)             Requested size: 597.551pt x 845.07518pt.


pdfTeX warning: pdflatex (file ./page de garde.pdf): PDF inclusion: found PDF v
ersion <1.7>, but at most version <1.5> allowed


pdfTeX warning: pdflatex (file ./page de garde.pdf): PDF inclusion: found PDF v
ersion <1.7>, but at most version <1.5> allowed
<page de garde.pdf, id=157, page=1, 597.55246pt x 845.07724pt>
File: page de garde.pdf Graphic file (type pdf)
<use page de garde.pdf, page 1>
Package pdftex.def Info: page de garde.pdf , page1 used on input line 15.
(pdftex.def)             Requested size: 597.551pt x 845.07518pt.
File: page de garde.pdf Graphic file (type pdf)
<use page de garde.pdf, page 1>
Package pdftex.def Info: page de garde.pdf , page1 used on input line 15.
(pdftex.def)             Requested size: 597.59657pt x 845.13965pt.
File: page de garde.pdf Graphic file (type pdf)
<use page de garde.pdf, page 1>
Package pdftex.def Info: page de garde.pdf , page1 used on input line 15.
(pdftex.def)             Requested size: 597.59657pt x 845.13965pt.
File: page de garde.pdf Graphic file (type pdf)
<use page de garde.pdf, page 1>
Package pdftex.def Info: page de garde.pdf , page1 used on input line 15.
(pdftex.def)             Requested size: 597.59657pt x 845.13965pt.
File: page de garde.pdf Graphic file (type pdf)
<use page de garde.pdf, page 1>
Package pdftex.def Info: page de garde.pdf , page1 used on input line 15.
(pdftex.def)             Requested size: 597.59657pt x 845.13965pt.
[1


 <./page de garde.pdf>])
\openout2 = `003-thanks.aux'.

 (003-thanks.tex
LaTeX Font Info:    Calculating math sizes for size <26> on input line 5.
LaTeX Font Info:    External font `cmex10' loaded for size
(Font)              <26> on input line 5.
LaTeX Font Info:    External font `cmex10' loaded for size
(Font)              <18.19992> on input line 5.
LaTeX Font Info:    External font `cmex10' loaded for size
(Font)              <13> on input line 5.

Underfull \hbox (badness 10000) in paragraph at lines 5--5

 []


Underfull \hbox (badness 10000) in paragraph at lines 9--11

 []

[2





{C:/Users/Aslene/AppData/Local/MiKTeX/fonts/map/pdftex/pdftex.map}{C:/Users/Asl
ene/AppData/Local/Programs/MiKTeX/fonts/enc/dvips/base/8r.enc}]
Underfull \hbox (badness 10000) in paragraph at lines 23--23

 []

[3

])
\openout2 = `001-abstract.aux'.

 (001-abstract.tex
Underfull \hbox (badness 10000) in paragraph at lines 9--9

 []

[4






]
Underfull \hbox (badness 10000) in paragraph at lines 41--41

 []

) [5


]
Underfull \hbox (badness 10000) in paragraph at lines 141--141

 []

(main.toc
LaTeX Font Info:    External font `cmex10' loaded for size
(Font)              <12> on input line 7.
LaTeX Font Info:    External font `cmex10' loaded for size
(Font)              <8> on input line 7.
LaTeX Font Info:    External font `cmex10' loaded for size
(Font)              <6> on input line 7.
 [6




])
\tf@toc=\write6
\openout6 = `main.toc'.

 [7]
Underfull \hbox (badness 10000) in paragraph at lines 141--141

 []

(main.lof)
\tf@lof=\write7
\openout7 = `main.lof'.

 [8


]
Underfull \hbox (badness 10000) in paragraph at lines 141--141

 []

(main.lot)
\tf@lot=\write8
\openout8 = `main.lot'.

 [9


]
\openout2 = `004-chapter0-introduction.aux'.

 (004-chapter0-introduction.tex
Underfull \hbox (badness 10000) in paragraph at lines 9--9

 []

[1



]) [2]
\openout2 = `004-chapter1.aux'.

 (004-chapter1.tex
Chapter 1.

Underfull \hbox (badness 10000) in paragraph at lines 10--10

 []


Underfull \hbox (badness 10000) in paragraph at lines 17--23

 []

LaTeX Font Info:    Trying to load font information for TS1+ptm on input line 2
9.
(C:\Users\Aslene\AppData\Local\Programs\MiKTeX\tex/latex/psnfss\ts1ptm.fd
File: ts1ptm.fd 2001/06/04 font definitions for TS1/ptm.
)
[3





]
Underfull \hbox (badness 4328) in paragraph at lines 30--31
[]\OT1/ptm/b/n/12 Support: \OT1/ptm/m/n/12 The com-pany's ex-pe-ri-enced de-vel
-op-ers can pro-vide as-sis-tance and
 []

<./images//techlead.png, id=363, 1319.93124pt x 745.78625pt>
File: ./images//techlead.png Graphic file (type png)
<use ./images//techlead.png>
Package pdftex.def Info: ./images//techlead.png  used on input line 35.
(pdftex.def)             Requested size: 263.98157pt x 149.1546pt.
<./images//context.png, id=365, 599.99156pt x 252.19218pt>
File: ./images//context.png Graphic file (type png)
<use ./images//context.png>
Package pdftex.def Info: ./images//context.png  used on input line 52.
(pdftex.def)             Requested size: 479.9939pt x 201.75401pt.

Overfull \hbox (24.74979pt too wide) in paragraph at lines 52--53
 [] 
 []

[4 <./images//techlead.png>]
<./images//chatter.jpg, id=373, 290.0436pt x 278.9622pt>
File: ./images//chatter.jpg Graphic file (type jpg)
<use ./images//chatter.jpg>
Package pdftex.def Info: ./images//chatter.jpg  used on input line 59.
(pdftex.def)             Requested size: 232.03519pt x 223.17006pt.
 [5 <./images//context.png> <./images//chatter.jpg>]
<./images//usecases.png, id=379, 402.00188pt x 334.24875pt>
File: ./images//usecases.png Graphic file (type png)
<use ./images//usecases.png>
Package pdftex.def Info: ./images//usecases.png  used on input line 66.
(pdftex.def)             Requested size: 321.60193pt x 267.39935pt.
<./images//architecture.png, id=380, 615.99261pt x 316.72691pt>
File: ./images//architecture.png Graphic file (type png)
<use ./images//architecture.png>
Package pdftex.def Info: ./images//architecture.png  used on input line 75.
(pdftex.def)             Requested size: 492.79475pt x 253.38185pt.

Overfull \hbox (37.55064pt too wide) in paragraph at lines 75--76
 [] 
 []


Underfull \hbox (badness 1383) in paragraph at lines 69--77
\OT1/ptm/m/n/12 Everything is in-te-grated. The plat-form tech-nolo-gies like p
re-dic-tive an-a-lyt-ics and the
 []

[6 <./images//usecases.png>]
Underfull \hbox (badness 10000) in paragraph at lines 80--82

 []

[7 <./images//architecture.png>] [8]
Underfull \hbox (badness 1571) in paragraph at lines 129--130
[]\OT1/ptm/m/n/12 Organization of the ap-pli-ca-tion ac-cord-ing to the MVC ar-
chi-tec-ture: a soft-ware
 []

<./images//mvc.jpg, id=405, 252.19218pt x 266.49562pt>
File: ./images//mvc.jpg Graphic file (type jpg)
<use ./images//mvc.jpg>
Package pdftex.def Info: ./images//mvc.jpg  used on input line 133.
(pdftex.def)             Requested size: 201.75401pt x 213.19678pt.

Overfull \hbox (20.69965pt too wide) in paragraph at lines 148--155
[][] 
 []

[9 <./images//mvc.jpg>] [10]
<./images//gantt.png, id=420, 438.8897pt x 292.84406pt>
File: ./images//gantt.png Graphic file (type png)
<use ./images//gantt.png>
Package pdftex.def Info: ./images//gantt.png  used on input line 180.
(pdftex.def)             Requested size: 438.88863pt x 292.84334pt.
 [11]) [12 <./images//gantt.png>]
\openout2 = `004-chapter2.aux'.

 (004-chapter2.tex
Chapter 2.

Underfull \hbox (badness 10000) in paragraph at lines 1--1

 []


Underfull \hbox (badness 1412) in paragraph at lines 3--4
\OT1/ptm/m/n/12 In this chap-ter, we will iden-tify the ac-tors, then we will s
pec-ify the func-tional and
 []


Underfull \hbox (badness 10000) in paragraph at lines 5--10

 []

[13





] [14] [15] [16]
<./PFE Conception/StarUML Projects/jpg//Global UC.jpg, id=447, 1162.3425pt x 10
21.8175pt>
File: ./PFE Conception/StarUML Projects/jpg//Global UC.jpg Graphic file (type j
pg)
<use ./PFE Conception/StarUML Projects/jpg//Global UC.jpg>
Package pdftex.def Info: ./PFE Conception/StarUML Projects/jpg//Global UC.jpg  
used on input line 112.
(pdftex.def)             Requested size: 523.0493pt x 459.81363pt.

Overfull \hbox (67.80519pt too wide) in paragraph at lines 112--113
 [] 
 []

[17]
<./PFE Conception/StarUML Projects/jpg//Consult users list UC.jpg, id=452, 1081
.03876pt x 788.9475pt>
File: ./PFE Conception/StarUML Projects/jpg//Consult users list UC.jpg Graphic 
file (type jpg)
<use ./PFE Conception/StarUML Projects/jpg//Consult users list UC.jpg>
Package pdftex.def Info: ./PFE Conception/StarUML Projects/jpg//Consult users l
ist UC.jpg  used on input line 122.
(pdftex.def)             Requested size: 540.51805pt x 394.47278pt.

Overfull \hbox (85.27394pt too wide) in paragraph at lines 122--123
 [] 
 []

[18 <./PFE Conception/StarUML Projects/jpg//Global UC.jpg>]
LaTeX Font Info:    External font `cmex10' loaded for size
(Font)              <7> on input line 129.
LaTeX Font Info:    External font `cmex10' loaded for size
(Font)              <5> on input line 129.
 [19 <./PFE Conception/StarUML Projects/jpg//Consult users list UC.jpg>] [20]
Underfull \hbox (badness 10000) in paragraph at lines 148--149

 []


Overfull \hbox (62.98279pt too wide) in paragraph at lines 153--167
[][] 
 []

[21]
<./PFE Conception/StarUML Projects/jpg//Consult synthetic dashboard UC.jpg, id=
469, 1037.8775pt x 531.9875pt>
File: ./PFE Conception/StarUML Projects/jpg//Consult synthetic dashboard UC.jpg
 Graphic file (type jpg)
<use ./PFE Conception/StarUML Projects/jpg//Consult synthetic dashboard UC.jpg>

Package pdftex.def Info: ./PFE Conception/StarUML Projects/jpg//Consult synthet
ic dashboard UC.jpg  used on input line 175.
(pdftex.def)             Requested size: 518.93748pt x 265.9931pt.

Overfull \hbox (63.69337pt too wide) in paragraph at lines 175--176
 [] 
 []

[22]
Overfull \hbox (14.70651pt too wide) in paragraph at lines 182--195
[][] 
 []

[23 <./PFE Conception/StarUML Projects/jpg//Consult synthetic dashboard UC.jpg>
]
<./PFE Conception/StarUML Projects/jpg//Consult failed login attempts.jpg, id=4
79, 1006.76125pt x 580.1675pt>
File: ./PFE Conception/StarUML Projects/jpg//Consult failed login attempts.jpg 
Graphic file (type jpg)
<use ./PFE Conception/StarUML Projects/jpg//Consult failed login attempts.jpg>
Package pdftex.def Info: ./PFE Conception/StarUML Projects/jpg//Consult failed 
login attempts.jpg  used on input line 201.
(pdftex.def)             Requested size: 503.3794pt x 290.08302pt.

Overfull \hbox (48.13528pt too wide) in paragraph at lines 201--202
 [] 
 []


Underfull \hbox (badness 10000) in paragraph at lines 198--203

 []

[24]
Overfull \hbox (35.4187pt too wide) in paragraph at lines 208--221
[][] 
 []

[25 <./PFE Conception/StarUML Projects/jpg//Consult failed login attempts.jpg>]
<./PFE Conception/StarUML Projects/jpg//Access Chatbot.jpg, id=488, 896.34875pt
 x 548.0475pt>
File: ./PFE Conception/StarUML Projects/jpg//Access Chatbot.jpg Graphic file (t
ype jpg)
<use ./PFE Conception/StarUML Projects/jpg//Access Chatbot.jpg>
Package pdftex.def Info: ./PFE Conception/StarUML Projects/jpg//Access Chatbot.
jpg  used on input line 231.
(pdftex.def)             Requested size: 448.17328pt x 274.02307pt.
[26] [27 <./PFE Conception/StarUML Projects/jpg//Access Chatbot.jpg>] [28])
[29]
\openout2 = `004-chapter3.aux'.

 (004-chapter3.tex
Chapter 3.

Underfull \hbox (badness 10000) in paragraph at lines 1--1

 []

[30





]
<./images//mvc2.jpg, id=510, 819.06pt x 457.71pt>
File: ./images//mvc2.jpg Graphic file (type jpg)
<use ./images//mvc2.jpg>
Package pdftex.def Info: ./images//mvc2.jpg  used on input line 26.
(pdftex.def)             Requested size: 409.52899pt x 228.85445pt.
<./PFE Conception/StarUML Projects/jpg//ClassDiagram.jpg, id=511, 1322.9425pt x
 1700.3525pt>
File: ./PFE Conception/StarUML Projects/jpg//ClassDiagram.jpg Graphic file (typ
e jpg)
<use ./PFE Conception/StarUML Projects/jpg//ClassDiagram.jpg>
Package pdftex.def Info: ./PFE Conception/StarUML Projects/jpg//ClassDiagram.jp
g  used on input line 36.
(pdftex.def)             Requested size: 529.16763pt x 680.12895pt.

Overfull \hbox (73.92352pt too wide) in paragraph at lines 36--37
 [] 
 []

[31 <./images//mvc2.jpg>] [32]
Overfull \vbox (2.84586pt too high) has occurred while \output is active []


[33 <./PFE Conception/StarUML Projects/jpg//ClassDiagram.jpg>] [34] [35]
[36] [37] [38] [39] [40]
<./images//ca_dep.png, id=554, 467.49657pt x 166.37157pt>
File: ./images//ca_dep.png Graphic file (type png)
<use ./images//ca_dep.png>
Package pdftex.def Info: ./images//ca_dep.png  used on input line 199.
(pdftex.def)             Requested size: 233.74771pt x 83.18556pt.
 [41 <./images//ca_dep.png>]
<./images//ca_dep_detail.png, id=559, 813.79031pt x 467.49657pt>
File: ./images//ca_dep_detail.png Graphic file (type png)
<use ./images//ca_dep_detail.png>
Package pdftex.def Info: ./images//ca_dep_detail.png  used on input line 224.
(pdftex.def)             Requested size: 406.89417pt x 233.74771pt.
<./Diagrams//seq_r.png, id=560, 861.2175pt x 724.7075pt>
File: ./Diagrams//seq_r.png Graphic file (type png)
<use ./Diagrams//seq_r.png>
Package pdftex.def Info: ./Diagrams//seq_r.png  used on input line 246.
(pdftex.def)             Requested size: 430.6077pt x 362.35286pt.
 [42 <./images//ca_dep_detail.png>]
<./Diagrams//seq_l.png, id=565, 889.3225pt x 766.865pt>
File: ./Diagrams//seq_l.png Graphic file (type png)
<use ./Diagrams//seq_l.png>
Package pdftex.def Info: ./Diagrams//seq_l.png  used on input line 259.
(pdftex.def)             Requested size: 444.66016pt x 383.43156pt.
 [43 <./Diagrams//seq_r.png>]
<./Diagrams//seq_ls.png, id=571, 1312.905pt x 981.6675pt>
File: ./Diagrams//seq_ls.png Graphic file (type png)
<use ./Diagrams//seq_ls.png>
Package pdftex.def Info: ./Diagrams//seq_ls.png  used on input line 264.
(pdftex.def)             Requested size: 525.15271pt x 392.66003pt.

Overfull \hbox (69.9086pt too wide) in paragraph at lines 264--265
 [] 
 []

[44 <./Diagrams//seq_l.png>]
<./Diagrams//seq_s.png, id=577, 981.6675pt x 981.6675pt>
File: ./Diagrams//seq_s.png Graphic file (type png)
<use ./Diagrams//seq_s.png>
Package pdftex.def Info: ./Diagrams//seq_s.png  used on input line 273.
(pdftex.def)             Requested size: 490.83255pt x 490.83255pt.

Overfull \hbox (35.58844pt too wide) in paragraph at lines 273--274
 [] 
 []

[45 <./Diagrams//seq_ls.png>]
<./Diagrams//seq_f.png, id=583, 981.6675pt x 981.6675pt>
File: ./Diagrams//seq_f.png Graphic file (type png)
<use ./Diagrams//seq_f.png>
Package pdftex.def Info: ./Diagrams//seq_f.png  used on input line 283.
(pdftex.def)             Requested size: 490.83255pt x 490.83255pt.

Overfull \hbox (35.58844pt too wide) in paragraph at lines 283--284
 [] 
 []

[46 <./Diagrams//seq_s.png>]
<./Diagrams//seq_p.png, id=590, 1302.8675pt x 1222.5675pt>
File: ./Diagrams//seq_p.png Graphic file (type png)
<use ./Diagrams//seq_p.png>
Package pdftex.def Info: ./Diagrams//seq_p.png  used on input line 292.
(pdftex.def)             Requested size: 521.13777pt x 489.01834pt.

Overfull \hbox (65.89366pt too wide) in paragraph at lines 292--293
 [] 
 []

[47 <./Diagrams//seq_f.png>]) [48 <./Diagrams//seq_p.png>] [49]
\openout2 = `007-references.aux'.


(007-references.tex)
Underfull \hbox (badness 10000) in paragraph at lines 143--143

 []

[50





\@writefile{toc}{\contentsline {chapter}{Webography}{50}{section*.37}\protected
@file@percent }
\@writefile{toc}{\contentsline {chapter}{Bibliography}{50}{section*.38}\protect
ed@file@percent }




] (main.aux (002-top_matter.aux) (003-thanks.aux) (001-abstract.aux)
(004-chapter0-introduction.aux) (004-chapter1.aux) (004-chapter2.aux)
(004-chapter3.aux) (007-references.aux))
Package rerunfilecheck Info: File `main.out' has not changed.
(rerunfilecheck)             Checksum: BE143D891DF3A8F0C7261747FFA354A1;7609.
Package logreq Info: Writing requests to 'main.run.xml'.
\openout1 = `main.run.xml'.

 ) 
Here is how much of TeX's memory you used:
 42280 strings out of 476315
 880179 string characters out of 5786725
 1864068 words of memory out of 5000000
 61867 multiletter control sequences out of 15000+600000
 539435 words of font info for 78 fonts, out of 8000000 for 9000
 1141 hyphenation exceptions out of 8191
 90i,17n,91p,1879b,3179s stack positions out of 10000i,1000n,20000p,200000b,200000s
<C:/Users/Aslene/AppData/Local/Programs/MiKTeX/fonts/type1/urw/times/utmb8a.p
fb><C:/Users/Aslene/AppData/Local/Programs/MiKTeX/fonts/type1/urw/times/utmbi8a
.pfb><C:/Users/Aslene/AppData/Local/Programs/MiKTeX/fonts/type1/urw/times/utmr8
a.pfb><C:/Users/Aslene/AppData/Local/Programs/MiKTeX/fonts/type1/urw/times/utmr
i8a.pfb>
Output written on main.pdf (59 pages, 2052693 bytes).
PDF statistics:
 678 PDF objects out of 1000 (max. 8388607)
 154 named destinations out of 1000 (max. 500000)
 439 words of extra memory for PDF output out of 10000 (max. 10000000)

