\BOOKMARK [0][-]{chapter.1}{\376\377\000G\000e\000n\000e\000r\000a\000l\000\040\000f\000r\000a\000m\000e\000w\000o\000r\000k\000\040\000o\000f\000\040\000t\000h\000e\000\040\000p\000r\000o\000j\000e\000c\000t}{}% 1
\BOOKMARK [1][-]{section.1.1}{\376\377\000P\000r\000e\000s\000e\000n\000t\000a\000t\000i\000o\000n\000\040\000o\000f\000\040\000t\000h\000e\000\040\000h\000o\000s\000t\000\040\000o\000r\000g\000a\000n\000i\000z\000a\000t\000i\000o\000n}{chapter.1}% 2
\BOOKMARK [1][-]{section.1.2}{\376\377\000P\000r\000o\000j\000e\000c\000t\000\040\000p\000r\000e\000s\000e\000n\000t\000a\000t\000i\000o\000n}{chapter.1}% 3
\BOOKMARK [2][-]{subsection.1.2.1}{\376\377\000C\000o\000n\000t\000e\000x\000t}{section.1.2}% 4
\BOOKMARK [2][-]{subsection.1.2.2}{\376\377\000P\000r\000o\000b\000l\000e\000m}{section.1.2}% 5
\BOOKMARK [2][-]{subsection.1.2.3}{\376\377\000P\000r\000o\000p\000o\000s\000e\000d\000\040\000s\000o\000l\000u\000t\000i\000o\000n}{section.1.2}% 6
\BOOKMARK [2][-]{subsection.1.2.4}{\376\377\000O\000b\000j\000e\000c\000t\000i\000v\000e\000s}{section.1.2}% 7
\BOOKMARK [1][-]{section.1.3}{\376\377\000S\000t\000u\000d\000y\000\040\000o\000f\000\040\000t\000h\000e\000\040\000e\000x\000i\000s\000t\000i\000n\000g}{chapter.1}% 8
\BOOKMARK [1][-]{section.1.4}{\376\377\000D\000e\000v\000e\000l\000o\000p\000m\000e\000n\000t\000\040\000p\000r\000o\000c\000e\000s\000s}{chapter.1}% 9
\BOOKMARK [2][-]{subsection.1.4.1}{\376\377\000I\000n\000c\000r\000e\000m\000e\000n\000t\000a\000l\000\040\000d\000e\000v\000e\000l\000o\000p\000m\000e\000n\000t}{section.1.4}% 10
\BOOKMARK [2][-]{subsection.1.4.2}{\376\377\000P\000r\000o\000v\000i\000s\000i\000o\000n\000a\000l\000\040\000s\000c\000h\000e\000d\000u\000l\000e\000\040\000o\000f\000\040\000t\000a\000s\000k\000s}{section.1.4}% 11
\BOOKMARK [0][-]{chapter.2}{\376\377\000S\000p\000e\000c\000i\000f\000i\000c\000a\000t\000i\000o\000n\000\040\000o\000f\000\040\000n\000e\000e\000d\000s}{}% 12
\BOOKMARK [1][-]{section.2.1}{\376\377\000I\000d\000e\000n\000t\000i\000f\000i\000c\000a\000t\000i\000o\000n\000\040\000o\000f\000\040\000a\000c\000t\000o\000r\000s}{chapter.2}% 13
\BOOKMARK [1][-]{section.2.2}{\376\377\000F\000u\000n\000c\000t\000i\000o\000n\000a\000l\000\040\000N\000e\000e\000d\000s}{chapter.2}% 14
\BOOKMARK [1][-]{section.2.3}{\376\377\000N\000o\000n\000-\000f\000u\000n\000c\000t\000i\000o\000n\000a\000l\000\040\000N\000e\000e\000d\000s}{chapter.2}% 15
\BOOKMARK [1][-]{section.2.4}{\376\377\000U\000s\000e\000\040\000c\000a\000s\000e\000\040\000d\000i\000a\000g\000r\000a\000m\000s}{chapter.2}% 16
\BOOKMARK [2][-]{subsection.2.4.1}{\376\377\000G\000l\000o\000b\000a\000l\000\040\000u\000s\000e\000\040\000c\000a\000s\000e\000\040\000d\000i\000a\000g\000r\000a\000m}{section.2.4}% 17
\BOOKMARK [2][-]{subsection.2.4.2}{\376\377\000U\000s\000e\000\040\000c\000a\000s\000e\000\040\000r\000e\000f\000i\000n\000e\000m\000e\000n\000t}{section.2.4}% 18
\BOOKMARK [3][-]{subsubsection.2.4.2.1}{\376\377\000C\000o\000n\000s\000u\000l\000t\000\040\000u\000s\000e\000r\000\040\000l\000i\000s\000t\000\040\000u\000s\000e\000\040\000c\000a\000s\000e\000\040\000r\000e\000f\000i\000n\000e\000m\000e\000n\000t}{subsection.2.4.2}% 19
\BOOKMARK [3][-]{subsubsection.2.4.2.2}{\376\377\000L\000o\000g\000i\000n\000\040\000u\000s\000e\000\040\000c\000a\000s\000e\000\040\000r\000e\000f\000i\000n\000e\000m\000e\000n\000t}{subsection.2.4.2}% 20
\BOOKMARK [3][-]{subsubsection.2.4.2.3}{\376\377\000C\000o\000m\000p\000a\000n\000y\000\040\000s\000e\000a\000r\000c\000h\000\040\000u\000s\000e\000\040\000c\000a\000s\000e\000\040\000r\000e\000f\000i\000n\000e\000m\000e\000n\000t}{subsection.2.4.2}% 21
\BOOKMARK [3][-]{subsubsection.2.4.2.4}{\376\377\000F\000o\000l\000l\000o\000w\000\040\000C\000o\000m\000p\000a\000n\000y\000\040\000u\000s\000e\000\040\000c\000a\000s\000e\000\040\000r\000e\000f\000i\000n\000e\000m\000e\000n\000t}{subsection.2.4.2}% 22
\BOOKMARK [3][-]{subsubsection.2.4.2.5}{\376\377\000P\000u\000r\000c\000h\000a\000s\000e\000\040\000D\000o\000c\000u\000m\000e\000n\000t\000s\000\040\000u\000s\000e\000\040\000c\000a\000s\000e\000\040\000r\000e\000f\000i\000n\000e\000m\000e\000n\000t}{subsection.2.4.2}% 23
\BOOKMARK [0][-]{section*.24}{\376\377\000W\000e\000b\000o\000g\000r\000a\000p\000h\000y}{}% 24
\BOOKMARK [0][-]{section*.25}{\376\377\000B\000i\000b\000l\000i\000o\000g\000r\000a\000p\000h\000y}{}% 25
